2022-09-28 20:35:47,137:INFO:Initializing load_model()
2022-09-28 20:35:47,138:INFO:load_model(model_name=data/saved_xgb_model_2.pkl, platform=None, authentication=None, verbose=True)
2022-09-28 20:36:12,452:INFO:Initializing load_model()
2022-09-28 20:36:12,453:INFO:load_model(model_name=data/saved_xgb_model_2, platform=None, authentication=None, verbose=True)
2022-09-28 20:36:26,878:INFO:Initializing load_model()
2022-09-28 20:36:26,879:INFO:load_model(model_name=data/saved_xgb_model_2, platform=None, authentication=None, verbose=True)
2022-09-28 20:40:04,760:INFO:Initializing load_model()
2022-09-28 20:41:22,635:INFO:Initializing load_model()
2022-09-28 20:41:22,636:INFO:load_model(model_name=data/saved_xgb_model_2, platform=None, authentication=None, verbose=True)
2022-09-28 20:41:31,261:INFO:Initializing load_model()
2022-09-28 20:41:31,262:INFO:load_model(model_name=data/saved_xgb_model_2, platform=None, authentication=None, verbose=True)
2022-09-28 20:45:13,807:INFO:Initializing load_model()
2022-09-28 20:46:12,867:INFO:Initializing load_model()
2022-09-28 20:47:00,112:INFO:load_model(model_name=data/saved_xgb_model_2, platform=None, authentication=None, verbose=True)
2022-09-28 20:47:00,113:INFO:load_model(model_name=data/saved_xgb_model_2, platform=None, authentication=None, verbose=True)
2022-09-28 20:48:01,382:INFO:Initializing load_model()
2022-09-28 20:48:01,383:INFO:load_model(model_name=data/saved_xgb_model_2, platform=None, authentication=None, verbose=True)
2022-09-28 20:48:27,239:INFO:Initializing load_model()
2022-09-28 20:48:27,240:INFO:load_model(model_name=data/saved_xgb_model_2, platform=None, authentication=None, verbose=True)
2022-09-28 20:48:31,452:INFO:Initializing load_model()
2022-09-28 20:48:31,452:INFO:load_model(model_name=data/saved_xgb_model_2, platform=None, authentication=None, verbose=True)
2022-09-28 20:48:35,775:INFO:Initializing load_model()
2022-09-28 20:48:35,776:INFO:load_model(model_name=data/saved_xgb_model_2, platform=None, authentication=None, verbose=True)
2022-09-28 20:48:51,786:INFO:Initializing load_model()
2022-09-28 20:48:51,787:INFO:load_model(model_name=data/saved_xgb_model_2, platform=None, authentication=None, verbose=True)
2022-09-28 20:49:03,270:INFO:Initializing load_model()
2022-09-28 20:49:03,271:INFO:load_model(model_name=data/saved_xgb_model_2, platform=None, authentication=None, verbose=True)
2022-09-28 20:49:09,280:INFO:Initializing load_model()
2022-09-28 20:49:09,281:INFO:load_model(model_name=data/saved_xgb_model_2, platform=None, authentication=None, verbose=True)
2022-09-28 20:49:18,658:INFO:Initializing load_model()
2022-09-28 20:49:18,658:INFO:load_model(model_name=data/saved_xgb_model_2, platform=None, authentication=None, verbose=True)
2022-09-28 20:49:21,333:INFO:Initializing load_model()
2022-09-28 20:49:21,333:INFO:load_model(model_name=data/saved_xgb_model_2, platform=None, authentication=None, verbose=True)
2022-09-28 20:49:28,230:INFO:Initializing load_model()
2022-09-28 20:49:28,232:INFO:load_model(model_name=data/saved_xgb_model_2, platform=None, authentication=None, verbose=True)
2022-09-28 20:49:41,053:INFO:Initializing load_model()
2022-09-28 20:49:41,055:INFO:load_model(model_name=data/saved_xgb_model_2, platform=None, authentication=None, verbose=True)
2022-09-28 20:49:47,728:INFO:Initializing load_model()
2022-09-28 20:49:47,729:INFO:load_model(model_name=data/saved_xgb_model_2, platform=None, authentication=None, verbose=True)
2022-09-28 20:51:16,854:INFO:Initializing load_model()
2022-09-28 20:51:16,855:INFO:load_model(model_name=data/saved_xgb_model_2, platform=None, authentication=None, verbose=True)
2022-09-28 20:51:23,831:INFO:Initializing load_model()
2022-09-28 20:51:23,832:INFO:load_model(model_name=data/saved_xgb_model_2, platform=None, authentication=None, verbose=True)
2022-09-28 20:51:59,352:INFO:Initializing load_model()
2022-09-28 20:51:59,354:INFO:load_model(model_name=data/saved_xgb_model_2, platform=None, authentication=None, verbose=True)
2022-09-28 20:52:54,049:INFO:Initializing load_model()
2022-09-28 20:52:54,083:INFO:load_model(model_name=data/saved_xgb_model_2, platform=None, authentication=None, verbose=True)
2022-09-28 20:53:11,259:INFO:Initializing load_model()
2022-09-28 20:53:11,260:INFO:load_model(model_name=data/saved_xgb_model_2, platform=None, authentication=None, verbose=True)
2022-09-28 20:53:46,952:INFO:Initializing load_model()
2022-09-28 20:53:46,964:INFO:load_model(model_name=data/saved_xgb_model_2, platform=None, authentication=None, verbose=True)
2022-09-28 20:56:58,078:INFO:Initializing load_model()
2022-09-28 20:57:54,428:INFO:Initializing load_model()
2022-09-28 20:57:54,428:INFO:load_model(model_name=data/saved_xgb_model_2, platform=None, authentication=None, verbose=True)
2022-09-28 21:01:37,557:INFO:Initializing load_model()
2022-09-28 21:02:51,141:INFO:Initializing load_model()
2022-09-28 21:04:30,295:INFO:Initializing load_model()
2022-09-28 21:04:30,296:INFO:load_model(model_name=data/saved_xgb_model_2, platform=None, authentication=None, verbose=True)
2022-09-28 21:04:39,879:INFO:Initializing load_model()
2022-09-28 21:04:39,880:INFO:load_model(model_name=data/saved_xgb_model_2, platform=None, authentication=None, verbose=True)
2022-09-28 21:08:06,780:INFO:Initializing load_model()
2022-09-28 21:08:44,829:INFO:load_model(model_name=data/saved_xgb_model_2, platform=None, authentication=None, verbose=True)
2022-09-28 21:09:02,714:INFO:Initializing load_model()
2022-09-28 21:09:02,715:INFO:load_model(model_name=data/saved_xgb_model_2, platform=None, authentication=None, verbose=True)
2022-09-28 21:09:10,454:INFO:Initializing load_model()
2022-09-28 21:09:10,454:INFO:load_model(model_name=data/saved_xgb_model_2, platform=None, authentication=None, verbose=True)
2022-09-28 21:09:50,389:INFO:Initializing load_model()
2022-09-28 21:09:50,390:INFO:load_model(model_name=data/saved_xgb_model_2, platform=None, authentication=None, verbose=True)
2022-09-28 21:10:02,467:INFO:Initializing load_model()
2022-09-28 21:10:02,467:INFO:load_model(model_name=data/saved_xgb_model_2, platform=None, authentication=None, verbose=True)
2022-09-28 21:10:06,809:INFO:Initializing load_model()
2022-09-28 21:10:06,810:INFO:load_model(model_name=data/saved_xgb_model_2, platform=None, authentication=None, verbose=True)
2022-09-28 21:12:06,688:INFO:Initializing load_model()
2022-09-28 21:13:20,487:INFO:Initializing load_model()
2022-09-28 21:13:20,488:INFO:load_model(model_name=data/saved_xgb_model_2, platform=None, authentication=None, verbose=True)
2022-09-28 21:13:25,815:INFO:Initializing load_model()
2022-09-28 21:13:25,815:INFO:load_model(model_name=data/saved_xgb_model_2, platform=None, authentication=None, verbose=True)
2022-09-28 21:14:14,430:INFO:Initializing load_model()
2022-09-28 21:14:14,430:INFO:load_model(model_name=data/saved_xgb_model_2, platform=None, authentication=None, verbose=True)
2022-09-28 21:14:23,513:INFO:Initializing load_model()
2022-09-28 21:14:23,513:INFO:load_model(model_name=data/saved_xgb_model_2, platform=None, authentication=None, verbose=True)
2022-09-28 21:14:28,396:INFO:Initializing load_model()
2022-09-28 21:14:28,397:INFO:load_model(model_name=data/saved_xgb_model_2, platform=None, authentication=None, verbose=True)
2022-09-28 21:15:11,203:INFO:Initializing load_model()
2022-09-28 21:15:11,204:INFO:load_model(model_name=data/saved_xgb_model_2, platform=None, authentication=None, verbose=True)
2022-09-28 21:15:44,988:INFO:Initializing load_model()
2022-09-28 21:15:44,989:INFO:load_model(model_name=data/saved_xgb_model_2, platform=None, authentication=None, verbose=True)
2022-09-28 21:18:13,620:INFO:Initializing load_model()
2022-09-28 21:18:49,207:INFO:Initializing load_model()
2022-09-28 21:19:35,557:INFO:Initializing load_model()
2022-09-28 21:19:35,558:INFO:load_model(model_name=data/saved_xgb_model_2, platform=None, authentication=None, verbose=True)
2022-09-28 21:19:49,029:INFO:Initializing load_model()
2022-09-28 21:19:49,030:INFO:load_model(model_name=data/saved_xgb_model_2, platform=None, authentication=None, verbose=True)
2022-09-28 21:20:32,973:INFO:Initializing load_model()
2022-09-28 21:20:32,974:INFO:load_model(model_name=data/saved_xgb_model_2, platform=None, authentication=None, verbose=True)
2022-09-28 21:20:38,325:INFO:Initializing load_model()
2022-09-28 21:20:38,325:INFO:load_model(model_name=data/saved_xgb_model_2, platform=None, authentication=None, verbose=True)
2022-09-28 21:31:53,983:INFO:Initializing load_model()
2022-09-28 21:31:53,983:INFO:load_model(model_name=data/saved_xgb_model_2, platform=None, authentication=None, verbose=True)
2022-09-28 21:32:04,901:INFO:Initializing load_model()
2022-09-28 21:32:04,901:INFO:load_model(model_name=data/saved_xgb_model_2, platform=None, authentication=None, verbose=True)
2022-09-28 21:34:30,128:INFO:Initializing load_model()
2022-09-28 21:34:30,129:INFO:load_model(model_name=data/saved_xgb_model_2, platform=None, authentication=None, verbose=True)
2022-09-28 21:34:34,340:INFO:Initializing load_model()
2022-09-28 21:34:34,341:INFO:load_model(model_name=data/saved_xgb_model_2, platform=None, authentication=None, verbose=True)
2022-09-28 21:34:45,721:INFO:Initializing load_model()
2022-09-28 21:34:45,722:INFO:load_model(model_name=data/saved_xgb_model_2, platform=None, authentication=None, verbose=True)
2022-09-28 21:34:50,871:INFO:Initializing load_model()
2022-09-28 21:34:50,872:INFO:load_model(model_name=data/saved_xgb_model_2, platform=None, authentication=None, verbose=True)
2022-09-28 21:35:51,540:INFO:Initializing load_model()
2022-09-28 21:35:51,541:INFO:load_model(model_name=data/saved_xgb_model_2, platform=None, authentication=None, verbose=True)
2022-09-28 21:35:56,522:INFO:Initializing load_model()
2022-09-28 21:35:56,522:INFO:load_model(model_name=data/saved_xgb_model_2, platform=None, authentication=None, verbose=True)
2022-09-28 21:38:19,284:INFO:Initializing load_model()
2022-09-28 21:39:02,679:INFO:Initializing load_model()
2022-09-28 21:40:15,518:INFO:Initializing load_model()
2022-09-28 21:40:15,518:INFO:load_model(model_name=data/saved_xgb_model_2, platform=None, authentication=None, verbose=True)
2022-09-28 21:40:22,538:INFO:Initializing load_model()
2022-09-28 21:40:22,540:INFO:load_model(model_name=data/saved_xgb_model_2, platform=None, authentication=None, verbose=True)
2022-09-28 21:46:25,438:INFO:Initializing load_model()
2022-09-28 21:46:25,439:INFO:load_model(model_name=data/saved_xgb_model_2, platform=None, authentication=None, verbose=True)
2022-09-28 21:46:32,324:INFO:Initializing load_model()
2022-09-28 21:46:32,325:INFO:load_model(model_name=data/saved_xgb_model_2, platform=None, authentication=None, verbose=True)
2022-09-28 21:46:32,663:INFO:Initializing predict_model()
2022-09-28 21:46:32,664:INFO:predict_model(estimator=Pipeline(steps=[('dtypes',
                 DataTypes_Auto_infer(categorical_features=['fuel',
                                                            'drive_type',
                                                            'seat'],
                                      features_todrop=['identifier',
                                                       'model_string',
                                                       'ABI Code', 'origin',
                                                       'Model', 'Manufacturer',
                                                       'Year', 'bin'],
                                      ml_usecase='regression',
                                      target='CO2 Emissions G/KM')),
                ('imputer',
                 Iterative_Imputer(classifier=LGBMClassifier(random_state=5726,
                                                             silent=True),
                                   max_iter=5, ord...
                              gamma=0, gpu_id=-1, grow_policy='depthwise',
                              importance_type='gain',
                              interaction_constraints='',
                              learning_rate=0.300000012, max_bin=256,
                              max_cat_to_onehot=4, max_delta_step=0,
                              max_depth=6, max_leaves=0, min_child_weight=1,
                              missing=nan, monotone_constraints='()',
                              n_estimators=100, n_jobs=-1, num_parallel_tree=1,
                              predictor='auto', random_state=5726, reg_alpha=0,
                              reg_lambda=1, ...)]]), probability_threshold=None, encoded_labels=True, drift_report=False, raw_score=False, round=4, verbose=True, ml_usecase=MLUsecase.REGRESSION, display=None, drift_kwargs=None)
2022-09-28 21:46:32,666:INFO:Checking exceptions
2022-09-28 21:46:32,667:INFO:Preloading libraries
2022-09-28 21:47:57,297:INFO:Initializing load_model()
2022-09-28 21:48:55,419:INFO:Initializing load_model()
2022-09-28 21:49:19,103:INFO:load_model(model_name=data/saved_xgb_model_2, platform=None, authentication=None, verbose=True)
2022-09-28 21:49:19,127:INFO:load_model(model_name=data/saved_xgb_model_2, platform=None, authentication=None, verbose=True)
2022-09-28 21:49:53,853:INFO:Initializing load_model()
2022-09-28 21:49:53,855:INFO:load_model(model_name=data/saved_xgb_model_2, platform=None, authentication=None, verbose=True)
2022-09-28 21:50:00,584:INFO:Initializing load_model()
2022-09-28 21:50:00,585:INFO:load_model(model_name=data/saved_xgb_model_2, platform=None, authentication=None, verbose=True)
2022-09-28 21:50:00,922:INFO:Initializing predict_model()
2022-09-28 21:50:00,922:INFO:predict_model(estimator=Pipeline(steps=[('dtypes',
                 DataTypes_Auto_infer(categorical_features=['fuel',
                                                            'drive_type',
                                                            'seat'],
                                      features_todrop=['identifier',
                                                       'model_string',
                                                       'ABI Code', 'origin',
                                                       'Model', 'Manufacturer',
                                                       'Year', 'bin'],
                                      ml_usecase='regression',
                                      target='CO2 Emissions G/KM')),
                ('imputer',
                 Iterative_Imputer(classifier=LGBMClassifier(random_state=5726,
                                                             silent=True),
                                   max_iter=5, ord...
                              gamma=0, gpu_id=-1, grow_policy='depthwise',
                              importance_type='gain',
                              interaction_constraints='',
                              learning_rate=0.300000012, max_bin=256,
                              max_cat_to_onehot=4, max_delta_step=0,
                              max_depth=6, max_leaves=0, min_child_weight=1,
                              missing=nan, monotone_constraints='()',
                              n_estimators=100, n_jobs=-1, num_parallel_tree=1,
                              predictor='auto', random_state=5726, reg_alpha=0,
                              reg_lambda=1, ...)]]), probability_threshold=None, encoded_labels=True, drift_report=False, raw_score=False, round=4, verbose=True, ml_usecase=MLUsecase.REGRESSION, display=None, drift_kwargs=None)
2022-09-28 21:50:00,924:INFO:Checking exceptions
2022-09-28 21:50:00,924:INFO:Preloading libraries
2022-09-28 21:51:19,115:INFO:Initializing load_model()
2022-09-28 21:51:19,116:INFO:load_model(model_name=data/saved_xgb_model_2, platform=None, authentication=None, verbose=True)
2022-09-28 21:51:29,168:INFO:Initializing load_model()
2022-09-28 21:51:29,169:INFO:load_model(model_name=data/saved_xgb_model_2, platform=None, authentication=None, verbose=True)
2022-09-28 21:56:49,039:INFO:Initializing load_model()
2022-09-28 21:56:49,040:INFO:load_model(model_name=data/saved_xgb_model_2, platform=None, authentication=None, verbose=True)
2022-09-28 21:56:57,052:INFO:Initializing load_model()
2022-09-28 21:56:57,054:INFO:load_model(model_name=data/saved_xgb_model_2, platform=None, authentication=None, verbose=True)
2022-09-28 21:56:57,357:INFO:Initializing predict_model()
2022-09-28 21:56:57,358:INFO:predict_model(estimator=Pipeline(steps=[('dtypes',
                 DataTypes_Auto_infer(categorical_features=['fuel',
                                                            'drive_type',
                                                            'seat'],
                                      features_todrop=['identifier',
                                                       'model_string',
                                                       'ABI Code', 'origin',
                                                       'Model', 'Manufacturer',
                                                       'Year', 'bin'],
                                      ml_usecase='regression',
                                      target='CO2 Emissions G/KM')),
                ('imputer',
                 Iterative_Imputer(classifier=LGBMClassifier(random_state=5726,
                                                             silent=True),
                                   max_iter=5, ord...
                              gamma=0, gpu_id=-1, grow_policy='depthwise',
                              importance_type='gain',
                              interaction_constraints='',
                              learning_rate=0.300000012, max_bin=256,
                              max_cat_to_onehot=4, max_delta_step=0,
                              max_depth=6, max_leaves=0, min_child_weight=1,
                              missing=nan, monotone_constraints='()',
                              n_estimators=100, n_jobs=-1, num_parallel_tree=1,
                              predictor='auto', random_state=5726, reg_alpha=0,
                              reg_lambda=1, ...)]]), probability_threshold=None, encoded_labels=True, drift_report=False, raw_score=False, round=4, verbose=True, ml_usecase=MLUsecase.REGRESSION, display=None, drift_kwargs=None)
2022-09-28 21:56:57,361:INFO:Checking exceptions
2022-09-28 21:56:57,362:INFO:Preloading libraries
2022-09-28 21:57:58,013:INFO:Initializing load_model()
2022-09-28 21:57:58,014:INFO:load_model(model_name=data/saved_xgb_model_2, platform=None, authentication=None, verbose=True)
2022-09-28 21:58:04,690:INFO:Initializing load_model()
2022-09-28 21:58:04,691:INFO:load_model(model_name=data/saved_xgb_model_2, platform=None, authentication=None, verbose=True)
2022-09-28 21:58:05,036:INFO:Initializing predict_model()
2022-09-28 21:58:05,037:INFO:predict_model(estimator=Pipeline(steps=[('dtypes',
                 DataTypes_Auto_infer(categorical_features=['fuel',
                                                            'drive_type',
                                                            'seat'],
                                      features_todrop=['identifier',
                                                       'model_string',
                                                       'ABI Code', 'origin',
                                                       'Model', 'Manufacturer',
                                                       'Year', 'bin'],
                                      ml_usecase='regression',
                                      target='CO2 Emissions G/KM')),
                ('imputer',
                 Iterative_Imputer(classifier=LGBMClassifier(random_state=5726,
                                                             silent=True),
                                   max_iter=5, ord...
                              gamma=0, gpu_id=-1, grow_policy='depthwise',
                              importance_type='gain',
                              interaction_constraints='',
                              learning_rate=0.300000012, max_bin=256,
                              max_cat_to_onehot=4, max_delta_step=0,
                              max_depth=6, max_leaves=0, min_child_weight=1,
                              missing=nan, monotone_constraints='()',
                              n_estimators=100, n_jobs=-1, num_parallel_tree=1,
                              predictor='auto', random_state=5726, reg_alpha=0,
                              reg_lambda=1, ...)]]), probability_threshold=None, encoded_labels=True, drift_report=False, raw_score=False, round=4, verbose=True, ml_usecase=MLUsecase.REGRESSION, display=None, drift_kwargs=None)
2022-09-28 21:58:05,038:INFO:Checking exceptions
2022-09-28 21:58:05,039:INFO:Preloading libraries
2022-09-28 21:58:27,135:INFO:Initializing load_model()
2022-09-28 21:58:27,136:INFO:load_model(model_name=data/saved_xgb_model_2, platform=None, authentication=None, verbose=True)
2022-09-28 21:58:31,305:INFO:Initializing load_model()
2022-09-28 21:58:31,306:INFO:load_model(model_name=data/saved_xgb_model_2, platform=None, authentication=None, verbose=True)
2022-09-28 21:58:40,178:INFO:Initializing load_model()
2022-09-28 21:58:40,179:INFO:load_model(model_name=data/saved_xgb_model_2, platform=None, authentication=None, verbose=True)
2022-09-28 21:59:01,626:INFO:Initializing load_model()
2022-09-28 21:59:01,627:INFO:load_model(model_name=data/saved_xgb_model_2, platform=None, authentication=None, verbose=True)
2022-09-28 21:59:10,793:INFO:Initializing load_model()
2022-09-28 21:59:10,794:INFO:load_model(model_name=data/saved_xgb_model_2, platform=None, authentication=None, verbose=True)
2022-09-28 21:59:17,824:INFO:Initializing load_model()
2022-09-28 21:59:17,824:INFO:load_model(model_name=data/saved_xgb_model_2, platform=None, authentication=None, verbose=True)
2022-09-28 21:59:34,552:INFO:Initializing load_model()
2022-09-28 21:59:34,552:INFO:load_model(model_name=data/saved_xgb_model_2, platform=None, authentication=None, verbose=True)
2022-09-28 21:59:39,001:INFO:Initializing load_model()
2022-09-28 21:59:39,002:INFO:load_model(model_name=data/saved_xgb_model_2, platform=None, authentication=None, verbose=True)
2022-09-28 21:59:46,603:INFO:Initializing load_model()
2022-09-28 21:59:46,604:INFO:load_model(model_name=data/saved_xgb_model_2, platform=None, authentication=None, verbose=True)
2022-09-28 21:59:52,356:INFO:Initializing load_model()
2022-09-28 21:59:52,357:INFO:load_model(model_name=data/saved_xgb_model_2, platform=None, authentication=None, verbose=True)
2022-09-28 21:59:57,267:INFO:Initializing load_model()
2022-09-28 21:59:57,268:INFO:load_model(model_name=data/saved_xgb_model_2, platform=None, authentication=None, verbose=True)
2022-09-28 22:00:03,625:INFO:Initializing load_model()
2022-09-28 22:00:03,625:INFO:load_model(model_name=data/saved_xgb_model_2, platform=None, authentication=None, verbose=True)
2022-09-28 22:00:08,741:INFO:Initializing load_model()
2022-09-28 22:00:08,742:INFO:load_model(model_name=data/saved_xgb_model_2, platform=None, authentication=None, verbose=True)
2022-09-28 22:00:09,098:INFO:Initializing predict_model()
2022-09-28 22:00:09,099:INFO:predict_model(estimator=Pipeline(steps=[('dtypes',
                 DataTypes_Auto_infer(categorical_features=['fuel',
                                                            'drive_type',
                                                            'seat'],
                                      features_todrop=['identifier',
                                                       'model_string',
                                                       'ABI Code', 'origin',
                                                       'Model', 'Manufacturer',
                                                       'Year', 'bin'],
                                      ml_usecase='regression',
                                      target='CO2 Emissions G/KM')),
                ('imputer',
                 Iterative_Imputer(classifier=LGBMClassifier(random_state=5726,
                                                             silent=True),
                                   max_iter=5, ord...
                              gamma=0, gpu_id=-1, grow_policy='depthwise',
                              importance_type='gain',
                              interaction_constraints='',
                              learning_rate=0.300000012, max_bin=256,
                              max_cat_to_onehot=4, max_delta_step=0,
                              max_depth=6, max_leaves=0, min_child_weight=1,
                              missing=nan, monotone_constraints='()',
                              n_estimators=100, n_jobs=-1, num_parallel_tree=1,
                              predictor='auto', random_state=5726, reg_alpha=0,
                              reg_lambda=1, ...)]]), probability_threshold=None, encoded_labels=True, drift_report=False, raw_score=False, round=4, verbose=True, ml_usecase=MLUsecase.REGRESSION, display=None, drift_kwargs=None)
2022-09-28 22:00:09,100:INFO:Checking exceptions
2022-09-28 22:00:09,101:INFO:Preloading libraries
2022-09-28 22:01:54,111:INFO:Initializing load_model()
2022-09-28 22:01:54,111:INFO:load_model(model_name=data/saved_xgb_model_2, platform=None, authentication=None, verbose=True)
2022-09-28 22:03:56,650:INFO:Initializing load_model()
2022-09-28 22:03:56,651:INFO:load_model(model_name=data/saved_xgb_model_2, platform=None, authentication=None, verbose=True)
2022-09-28 22:04:04,372:INFO:Initializing load_model()
2022-09-28 22:04:04,373:INFO:load_model(model_name=data/saved_xgb_model_2, platform=None, authentication=None, verbose=True)
2022-09-28 22:04:07,427:INFO:Initializing load_model()
2022-09-28 22:04:07,430:INFO:load_model(model_name=data/saved_xgb_model_2, platform=None, authentication=None, verbose=True)
2022-09-28 22:05:24,559:INFO:Initializing load_model()
2022-09-28 22:05:24,559:INFO:load_model(model_name=data/saved_xgb_model_2, platform=None, authentication=None, verbose=True)
2022-09-28 22:06:04,126:INFO:Initializing load_model()
2022-09-28 22:06:04,129:INFO:load_model(model_name=data/saved_xgb_model_2, platform=None, authentication=None, verbose=True)
2022-09-28 22:07:54,003:INFO:Initializing load_model()
2022-09-28 22:07:54,004:INFO:load_model(model_name=data/saved_xgb_model_2, platform=None, authentication=None, verbose=True)
2022-09-28 22:08:01,558:INFO:Initializing load_model()
2022-09-28 22:08:01,559:INFO:load_model(model_name=data/saved_xgb_model_2, platform=None, authentication=None, verbose=True)
2022-09-28 22:09:08,089:INFO:Initializing load_model()
2022-09-28 22:09:08,090:INFO:load_model(model_name=data/saved_xgb_model_2, platform=None, authentication=None, verbose=True)
2022-09-28 22:09:12,189:INFO:Initializing load_model()
2022-09-28 22:09:12,189:INFO:load_model(model_name=data/saved_xgb_model_2, platform=None, authentication=None, verbose=True)
2022-09-28 22:09:12,462:INFO:Initializing predict_model()
2022-09-28 22:09:12,462:INFO:predict_model(estimator=Pipeline(steps=[('dtypes',
                 DataTypes_Auto_infer(categorical_features=['fuel',
                                                            'drive_type',
                                                            'seat'],
                                      features_todrop=['identifier',
                                                       'model_string',
                                                       'ABI Code', 'origin',
                                                       'Model', 'Manufacturer',
                                                       'Year', 'bin'],
                                      ml_usecase='regression',
                                      target='CO2 Emissions G/KM')),
                ('imputer',
                 Iterative_Imputer(classifier=LGBMClassifier(random_state=5726,
                                                             silent=True),
                                   max_iter=5, ord...
                              gamma=0, gpu_id=-1, grow_policy='depthwise',
                              importance_type='gain',
                              interaction_constraints='',
                              learning_rate=0.300000012, max_bin=256,
                              max_cat_to_onehot=4, max_delta_step=0,
                              max_depth=6, max_leaves=0, min_child_weight=1,
                              missing=nan, monotone_constraints='()',
                              n_estimators=100, n_jobs=-1, num_parallel_tree=1,
                              predictor='auto', random_state=5726, reg_alpha=0,
                              reg_lambda=1, ...)]]), probability_threshold=None, encoded_labels=True, drift_report=False, raw_score=False, round=4, verbose=True, ml_usecase=MLUsecase.REGRESSION, display=None, drift_kwargs=None)
2022-09-28 22:09:12,463:INFO:Checking exceptions
2022-09-28 22:09:12,464:INFO:Preloading libraries
2022-09-29 05:50:41,242:INFO:Initializing load_model()
2022-09-29 05:50:41,242:INFO:load_model(model_name=data/saved_xgb_model_2, platform=None, authentication=None, verbose=True)
2022-09-29 08:06:40,634:INFO:Initializing load_model()
2022-09-29 08:06:40,634:INFO:load_model(model_name=data/saved_xgb_model_2, platform=None, authentication=None, verbose=True)
2022-09-29 08:09:18,420:INFO:Initializing load_model()
2022-09-29 08:09:18,421:INFO:load_model(model_name=data/saved_xgb_model_2, platform=None, authentication=None, verbose=True)
2022-09-29 08:09:27,556:INFO:Initializing load_model()
2022-09-29 08:09:27,557:INFO:load_model(model_name=data/saved_xgb_model_2, platform=None, authentication=None, verbose=True)
2022-09-29 08:09:27,754:INFO:Initializing predict_model()
2022-09-29 08:09:27,754:INFO:predict_model(estimator=Pipeline(steps=[('dtypes',
                 DataTypes_Auto_infer(categorical_features=['fuel',
                                                            'drive_type',
                                                            'seat'],
                                      features_todrop=['identifier',
                                                       'model_string',
                                                       'ABI Code', 'origin',
                                                       'Model', 'Manufacturer',
                                                       'Year', 'bin'],
                                      ml_usecase='regression',
                                      target='CO2 Emissions G/KM')),
                ('imputer',
                 Iterative_Imputer(classifier=LGBMClassifier(random_state=5726,
                                                             silent=True),
                                   max_iter=5, ord...
                              gamma=0, gpu_id=-1, grow_policy='depthwise',
                              importance_type='gain',
                              interaction_constraints='',
                              learning_rate=0.300000012, max_bin=256,
                              max_cat_to_onehot=4, max_delta_step=0,
                              max_depth=6, max_leaves=0, min_child_weight=1,
                              missing=nan, monotone_constraints='()',
                              n_estimators=100, n_jobs=-1, num_parallel_tree=1,
                              predictor='auto', random_state=5726, reg_alpha=0,
                              reg_lambda=1, ...)]]), probability_threshold=None, encoded_labels=True, drift_report=False, raw_score=False, round=4, verbose=True, ml_usecase=MLUsecase.REGRESSION, display=None, drift_kwargs=None)
2022-09-29 08:09:27,756:INFO:Checking exceptions
2022-09-29 08:09:27,756:INFO:Preloading libraries
2022-09-29 09:11:12,851:INFO:Initializing load_model()
2022-09-29 09:11:12,852:INFO:load_model(model_name=data/saved_xgb_model_2, platform=None, authentication=None, verbose=True)
2022-09-29 09:11:24,623:INFO:Initializing load_model()
2022-09-29 09:11:24,623:INFO:load_model(model_name=data/saved_xgb_model_2, platform=None, authentication=None, verbose=True)
2022-09-29 09:11:24,813:INFO:Initializing predict_model()
2022-09-29 09:11:24,813:INFO:predict_model(estimator=Pipeline(steps=[('dtypes',
                 DataTypes_Auto_infer(categorical_features=['fuel',
                                                            'drive_type',
                                                            'seat'],
                                      features_todrop=['identifier',
                                                       'model_string',
                                                       'ABI Code', 'origin',
                                                       'Model', 'Manufacturer',
                                                       'Year', 'bin'],
                                      ml_usecase='regression',
                                      target='CO2 Emissions G/KM')),
                ('imputer',
                 Iterative_Imputer(classifier=LGBMClassifier(random_state=5726,
                                                             silent=True),
                                   max_iter=5, ord...
                              gamma=0, gpu_id=-1, grow_policy='depthwise',
                              importance_type='gain',
                              interaction_constraints='',
                              learning_rate=0.300000012, max_bin=256,
                              max_cat_to_onehot=4, max_delta_step=0,
                              max_depth=6, max_leaves=0, min_child_weight=1,
                              missing=nan, monotone_constraints='()',
                              n_estimators=100, n_jobs=-1, num_parallel_tree=1,
                              predictor='auto', random_state=5726, reg_alpha=0,
                              reg_lambda=1, ...)]]), probability_threshold=None, encoded_labels=True, drift_report=False, raw_score=False, round=4, verbose=True, ml_usecase=MLUsecase.REGRESSION, display=None, drift_kwargs=None)
2022-09-29 09:11:24,816:INFO:Checking exceptions
2022-09-29 09:11:24,817:INFO:Preloading libraries
2022-09-29 10:26:55,956:INFO:Initializing load_model()
2022-09-29 10:26:55,956:INFO:load_model(model_name=data/saved_xgb_model_2, platform=None, authentication=None, verbose=True)
2022-09-29 10:27:26,385:INFO:Initializing load_model()
2022-09-29 10:27:26,385:INFO:load_model(model_name=data/saved_xgb_model_2, platform=None, authentication=None, verbose=True)
2022-09-29 10:31:56,751:INFO:Initializing load_model()
2022-09-29 10:31:56,751:INFO:load_model(model_name=data/saved_xgb_model_2, platform=None, authentication=None, verbose=True)
2022-09-29 10:33:34,077:INFO:Initializing load_model()
2022-09-29 10:33:34,077:INFO:load_model(model_name=data/saved_xgb_model_2, platform=None, authentication=None, verbose=True)
2022-09-29 10:33:40,330:INFO:Initializing load_model()
2022-09-29 10:33:40,330:INFO:load_model(model_name=data/saved_xgb_model_2, platform=None, authentication=None, verbose=True)
2022-09-29 10:34:53,243:INFO:Initializing load_model()
2022-09-29 10:34:53,243:INFO:load_model(model_name=data/saved_xgb_model_2, platform=None, authentication=None, verbose=True)
2022-09-29 10:47:42,566:INFO:Initializing load_model()
2022-09-29 10:47:42,566:INFO:load_model(model_name=data/saved_xgb_model_2, platform=None, authentication=None, verbose=True)
2022-09-29 10:48:18,281:INFO:Initializing load_model()
2022-09-29 10:48:18,281:INFO:load_model(model_name=data/saved_xgb_model_2, platform=None, authentication=None, verbose=True)
2022-09-29 10:48:28,336:INFO:Initializing load_model()
2022-09-29 10:48:28,336:INFO:load_model(model_name=data/saved_xgb_model_2, platform=None, authentication=None, verbose=True)
2022-09-29 10:56:38,781:INFO:Initializing load_model()
2022-09-29 10:56:38,781:INFO:load_model(model_name=data/saved_xgb_model_2, platform=None, authentication=None, verbose=True)
2022-09-29 11:01:54,964:INFO:Initializing load_model()
2022-09-29 11:01:54,964:INFO:load_model(model_name=data/saved_xgb_model_2, platform=None, authentication=None, verbose=True)
2022-09-29 11:02:27,489:INFO:Initializing load_model()
2022-09-29 11:02:27,497:INFO:load_model(model_name=data/saved_xgb_model_2, platform=None, authentication=None, verbose=True)
2022-09-29 11:03:13,774:INFO:Initializing load_model()
2022-09-29 11:03:13,774:INFO:load_model(model_name=data/saved_xgb_model_2, platform=None, authentication=None, verbose=True)
2022-09-29 11:03:37,528:INFO:Initializing load_model()
2022-09-29 11:03:37,528:INFO:load_model(model_name=data/saved_xgb_model_2, platform=None, authentication=None, verbose=True)
2022-09-29 11:05:28,733:INFO:Initializing load_model()
2022-09-29 11:05:28,733:INFO:load_model(model_name=data/saved_xgb_model_2, platform=None, authentication=None, verbose=True)
2022-09-29 11:10:35,095:INFO:Initializing load_model()
2022-09-29 11:10:35,095:INFO:load_model(model_name=data/saved_xgb_model_2, platform=None, authentication=None, verbose=True)
2022-09-29 11:14:05,340:INFO:Initializing load_model()
2022-09-29 11:14:05,340:INFO:load_model(model_name=data/saved_xgb_model_2, platform=None, authentication=None, verbose=True)
2022-09-29 11:15:04,051:INFO:Initializing load_model()
2022-09-29 11:15:04,051:INFO:load_model(model_name=data/saved_xgb_model_2, platform=None, authentication=None, verbose=True)
2022-09-29 11:15:07,255:INFO:Initializing load_model()
2022-09-29 11:15:07,260:INFO:load_model(model_name=data/saved_xgb_model_2, platform=None, authentication=None, verbose=True)
2022-09-29 11:15:08,472:INFO:Initializing load_model()
2022-09-29 11:15:08,472:INFO:load_model(model_name=data/saved_xgb_model_2, platform=None, authentication=None, verbose=True)
2022-09-29 11:15:14,520:INFO:Initializing load_model()
2022-09-29 11:15:14,524:INFO:load_model(model_name=data/saved_xgb_model_2, platform=None, authentication=None, verbose=True)
2022-09-29 11:15:42,505:INFO:Initializing load_model()
2022-09-29 11:15:42,505:INFO:load_model(model_name=data/saved_xgb_model_2, platform=None, authentication=None, verbose=True)
2022-09-29 11:16:08,334:INFO:Initializing load_model()
2022-09-29 11:16:08,334:INFO:load_model(model_name=data/saved_xgb_model_2, platform=None, authentication=None, verbose=True)
2022-09-29 11:16:08,500:INFO:Initializing predict_model()
2022-09-29 11:16:08,500:INFO:predict_model(estimator=Pipeline(steps=[('dtypes',
                 DataTypes_Auto_infer(categorical_features=['fuel',
                                                            'drive_type',
                                                            'seat'],
                                      features_todrop=['identifier',
                                                       'model_string',
                                                       'ABI Code', 'origin',
                                                       'Model', 'Manufacturer',
                                                       'Year', 'bin'],
                                      ml_usecase='regression',
                                      target='CO2 Emissions G/KM')),
                ('imputer',
                 Iterative_Imputer(classifier=LGBMClassifier(random_state=5726,
                                                             silent=True),
                                   max_iter=5, ord...
                              gamma=0, gpu_id=-1, grow_policy='depthwise',
                              importance_type='gain',
                              interaction_constraints='',
                              learning_rate=0.300000012, max_bin=256,
                              max_cat_to_onehot=4, max_delta_step=0,
                              max_depth=6, max_leaves=0, min_child_weight=1,
                              missing=nan, monotone_constraints='()',
                              n_estimators=100, n_jobs=-1, num_parallel_tree=1,
                              predictor='auto', random_state=5726, reg_alpha=0,
                              reg_lambda=1, ...)]]), probability_threshold=None, encoded_labels=True, drift_report=False, raw_score=False, round=4, verbose=True, ml_usecase=MLUsecase.REGRESSION, display=None, drift_kwargs=None)
2022-09-29 11:16:08,516:INFO:Checking exceptions
2022-09-29 11:16:08,516:INFO:Preloading libraries
2022-09-29 11:26:58,419:INFO:Initializing load_model()
2022-09-29 11:26:58,419:INFO:load_model(model_name=data/saved_xgb_model_2, platform=None, authentication=None, verbose=True)
2022-09-29 11:27:27,711:INFO:Initializing load_model()
2022-09-29 11:27:27,719:INFO:load_model(model_name=data/saved_xgb_model_2, platform=None, authentication=None, verbose=True)
2022-09-29 11:28:57,968:INFO:Initializing load_model()
2022-09-29 11:28:57,972:INFO:load_model(model_name=data/saved_xgb_model_2, platform=None, authentication=None, verbose=True)
2022-09-29 11:29:33,889:INFO:Initializing load_model()
2022-09-29 11:29:33,889:INFO:load_model(model_name=data/saved_xgb_model_2, platform=None, authentication=None, verbose=True)
2022-09-29 11:31:25,886:INFO:Initializing load_model()
2022-09-29 11:31:25,886:INFO:load_model(model_name=data/saved_xgb_model_2, platform=None, authentication=None, verbose=True)
2022-09-29 11:38:04,749:INFO:Initializing load_model()
2022-09-29 11:38:04,749:INFO:load_model(model_name=data/saved_xgb_model_2, platform=None, authentication=None, verbose=True)
2022-09-29 11:38:54,251:INFO:Initializing load_model()
2022-09-29 11:38:54,255:INFO:load_model(model_name=data/saved_xgb_model_2, platform=None, authentication=None, verbose=True)
2022-09-29 11:39:18,702:INFO:Initializing load_model()
2022-09-29 11:39:18,702:INFO:load_model(model_name=data/saved_xgb_model_2, platform=None, authentication=None, verbose=True)
2022-09-29 13:21:28,840:INFO:Initializing load_model()
2022-09-29 13:21:28,842:INFO:load_model(model_name=data/saved_xgb_model_2, platform=None, authentication=None, verbose=True)
2022-09-29 13:21:32,306:INFO:Initializing load_model()
2022-09-29 13:21:32,306:INFO:load_model(model_name=data/saved_xgb_model_2, platform=None, authentication=None, verbose=True)
2022-09-29 13:21:32,454:INFO:Initializing predict_model()
2022-09-29 13:21:32,454:INFO:predict_model(estimator=Pipeline(steps=[('dtypes',
                 DataTypes_Auto_infer(categorical_features=['fuel',
                                                            'drive_type',
                                                            'seat'],
                                      features_todrop=['identifier',
                                                       'model_string',
                                                       'ABI Code', 'origin',
                                                       'Model', 'Manufacturer',
                                                       'Year', 'bin'],
                                      ml_usecase='regression',
                                      target='CO2 Emissions G/KM')),
                ('imputer',
                 Iterative_Imputer(classifier=LGBMClassifier(random_state=5726,
                                                             silent=True),
                                   max_iter=5, ord...
                              gamma=0, gpu_id=-1, grow_policy='depthwise',
                              importance_type='gain',
                              interaction_constraints='',
                              learning_rate=0.300000012, max_bin=256,
                              max_cat_to_onehot=4, max_delta_step=0,
                              max_depth=6, max_leaves=0, min_child_weight=1,
                              missing=nan, monotone_constraints='()',
                              n_estimators=100, n_jobs=-1, num_parallel_tree=1,
                              predictor='auto', random_state=5726, reg_alpha=0,
                              reg_lambda=1, ...)]]), probability_threshold=None, encoded_labels=True, drift_report=False, raw_score=False, round=4, verbose=True, ml_usecase=MLUsecase.REGRESSION, display=None, drift_kwargs=None)
2022-09-29 13:21:32,454:INFO:Checking exceptions
2022-09-29 13:21:32,454:INFO:Preloading libraries
2022-09-29 13:21:37,341:INFO:Initializing load_model()
2022-09-29 13:21:37,342:INFO:load_model(model_name=data/saved_xgb_model_2, platform=None, authentication=None, verbose=True)
2022-09-29 13:21:41,939:INFO:Initializing load_model()
2022-09-29 13:21:41,939:INFO:load_model(model_name=data/saved_xgb_model_2, platform=None, authentication=None, verbose=True)
2022-09-29 13:21:51,426:INFO:Initializing load_model()
2022-09-29 13:21:51,427:INFO:load_model(model_name=data/saved_xgb_model_2, platform=None, authentication=None, verbose=True)
2022-09-29 13:21:54,003:INFO:Initializing load_model()
2022-09-29 13:21:54,004:INFO:load_model(model_name=data/saved_xgb_model_2, platform=None, authentication=None, verbose=True)
2022-09-29 13:21:56,812:INFO:Initializing load_model()
2022-09-29 13:21:56,813:INFO:load_model(model_name=data/saved_xgb_model_2, platform=None, authentication=None, verbose=True)
2022-09-29 13:22:00,638:INFO:Initializing load_model()
2022-09-29 13:22:00,646:INFO:load_model(model_name=data/saved_xgb_model_2, platform=None, authentication=None, verbose=True)
2022-09-29 13:22:04,512:INFO:Initializing load_model()
2022-09-29 13:22:04,513:INFO:load_model(model_name=data/saved_xgb_model_2, platform=None, authentication=None, verbose=True)
2022-09-29 13:22:05,984:INFO:Initializing load_model()
2022-09-29 13:22:05,985:INFO:load_model(model_name=data/saved_xgb_model_2, platform=None, authentication=None, verbose=True)
2022-09-29 13:22:12,138:INFO:Initializing load_model()
2022-09-29 13:22:12,139:INFO:load_model(model_name=data/saved_xgb_model_2, platform=None, authentication=None, verbose=True)
2022-09-29 13:22:13,337:INFO:Initializing load_model()
2022-09-29 13:22:13,338:INFO:load_model(model_name=data/saved_xgb_model_2, platform=None, authentication=None, verbose=True)
2022-09-29 13:22:15,689:INFO:Initializing load_model()
2022-09-29 13:22:15,690:INFO:load_model(model_name=data/saved_xgb_model_2, platform=None, authentication=None, verbose=True)
2022-09-29 13:22:15,831:INFO:Initializing predict_model()
2022-09-29 13:22:15,832:INFO:predict_model(estimator=Pipeline(steps=[('dtypes',
                 DataTypes_Auto_infer(categorical_features=['fuel',
                                                            'drive_type',
                                                            'seat'],
                                      features_todrop=['identifier',
                                                       'model_string',
                                                       'ABI Code', 'origin',
                                                       'Model', 'Manufacturer',
                                                       'Year', 'bin'],
                                      ml_usecase='regression',
                                      target='CO2 Emissions G/KM')),
                ('imputer',
                 Iterative_Imputer(classifier=LGBMClassifier(random_state=5726,
                                                             silent=True),
                                   max_iter=5, ord...
                              gamma=0, gpu_id=-1, grow_policy='depthwise',
                              importance_type='gain',
                              interaction_constraints='',
                              learning_rate=0.300000012, max_bin=256,
                              max_cat_to_onehot=4, max_delta_step=0,
                              max_depth=6, max_leaves=0, min_child_weight=1,
                              missing=nan, monotone_constraints='()',
                              n_estimators=100, n_jobs=-1, num_parallel_tree=1,
                              predictor='auto', random_state=5726, reg_alpha=0,
                              reg_lambda=1, ...)]]), probability_threshold=None, encoded_labels=True, drift_report=False, raw_score=False, round=4, verbose=True, ml_usecase=MLUsecase.REGRESSION, display=None, drift_kwargs=None)
2022-09-29 13:22:15,832:INFO:Checking exceptions
2022-09-29 13:22:15,833:INFO:Preloading libraries
2022-09-29 13:37:56,161:INFO:Initializing load_model()
2022-09-29 13:37:56,188:INFO:load_model(model_name=data/saved_xgb_model_2, platform=None, authentication=None, verbose=True)
2022-09-29 13:39:15,172:INFO:Initializing load_model()
2022-09-29 13:39:15,173:INFO:load_model(model_name=data/saved_xgb_model_2, platform=None, authentication=None, verbose=True)
2022-09-29 13:39:55,732:INFO:Initializing load_model()
2022-09-29 13:39:55,732:INFO:load_model(model_name=data/saved_xgb_model_2, platform=None, authentication=None, verbose=True)
2022-09-29 13:54:27,514:INFO:Initializing load_model()
2022-09-29 13:54:27,514:INFO:load_model(model_name=data/saved_xgb_model_2, platform=None, authentication=None, verbose=True)
2022-09-29 13:54:33,509:INFO:Initializing load_model()
2022-09-29 13:54:33,513:INFO:load_model(model_name=data/saved_xgb_model_2, platform=None, authentication=None, verbose=True)
2022-09-29 13:54:33,685:INFO:Initializing predict_model()
2022-09-29 13:54:33,685:INFO:predict_model(estimator=Pipeline(steps=[('dtypes',
                 DataTypes_Auto_infer(categorical_features=['fuel',
                                                            'drive_type',
                                                            'seat'],
                                      features_todrop=['identifier',
                                                       'model_string',
                                                       'ABI Code', 'origin',
                                                       'Model', 'Manufacturer',
                                                       'Year', 'bin'],
                                      ml_usecase='regression',
                                      target='CO2 Emissions G/KM')),
                ('imputer',
                 Iterative_Imputer(classifier=LGBMClassifier(random_state=5726,
                                                             silent=True),
                                   max_iter=5, ord...
                              gamma=0, gpu_id=-1, grow_policy='depthwise',
                              importance_type='gain',
                              interaction_constraints='',
                              learning_rate=0.300000012, max_bin=256,
                              max_cat_to_onehot=4, max_delta_step=0,
                              max_depth=6, max_leaves=0, min_child_weight=1,
                              missing=nan, monotone_constraints='()',
                              n_estimators=100, n_jobs=-1, num_parallel_tree=1,
                              predictor='auto', random_state=5726, reg_alpha=0,
                              reg_lambda=1, ...)]]), probability_threshold=None, encoded_labels=True, drift_report=False, raw_score=False, round=4, verbose=True, ml_usecase=MLUsecase.REGRESSION, display=None, drift_kwargs=None)
2022-09-29 13:54:33,685:INFO:Checking exceptions
2022-09-29 13:54:33,685:INFO:Preloading libraries
2022-09-29 18:33:10,743:INFO:Initializing load_model()
2022-09-29 18:33:10,745:INFO:load_model(model_name=data/saved_xgb_model_2, platform=None, authentication=None, verbose=True)
2022-09-29 18:34:31,599:INFO:Initializing load_model()
2022-09-29 18:34:31,599:INFO:load_model(model_name=data/saved_xgb_model_2, platform=None, authentication=None, verbose=True)
2022-09-29 18:35:18,175:INFO:Initializing load_model()
2022-09-29 18:35:18,176:INFO:load_model(model_name=data/saved_xgb_model_2, platform=None, authentication=None, verbose=True)
2022-09-29 19:09:18,133:INFO:Initializing load_model()
2022-09-29 19:09:18,134:INFO:load_model(model_name=data/saved_xgb_model_2, platform=None, authentication=None, verbose=True)
2022-09-29 21:31:58,201:INFO:Initializing load_model()
2022-09-29 21:31:58,202:INFO:load_model(model_name=data/saved_xgb_model_2, platform=None, authentication=None, verbose=True)
2022-09-29 21:54:28,391:INFO:Initializing load_model()
2022-09-29 21:54:28,392:INFO:load_model(model_name=data/saved_xgb_model_2, platform=None, authentication=None, verbose=True)
2022-09-29 21:55:42,110:INFO:Initializing load_model()
2022-09-29 21:55:42,110:INFO:load_model(model_name=data/saved_xgb_model_2, platform=None, authentication=None, verbose=True)
2022-09-29 21:55:48,169:INFO:Initializing load_model()
2022-09-29 21:55:48,169:INFO:load_model(model_name=data/saved_xgb_model_2, platform=None, authentication=None, verbose=True)
2022-09-29 21:55:55,632:INFO:Initializing load_model()
2022-09-29 21:55:55,632:INFO:load_model(model_name=data/saved_xgb_model_2, platform=None, authentication=None, verbose=True)
2022-09-29 21:56:04,437:INFO:Initializing load_model()
2022-09-29 21:56:04,437:INFO:load_model(model_name=data/saved_xgb_model_2, platform=None, authentication=None, verbose=True)
2022-09-29 21:56:09,419:INFO:Initializing load_model()
2022-09-29 21:56:09,419:INFO:load_model(model_name=data/saved_xgb_model_2, platform=None, authentication=None, verbose=True)
2022-09-29 21:56:23,955:INFO:Initializing load_model()
2022-09-29 21:56:23,957:INFO:load_model(model_name=data/saved_xgb_model_2, platform=None, authentication=None, verbose=True)
2022-09-29 21:56:31,384:INFO:Initializing load_model()
2022-09-29 21:56:31,385:INFO:load_model(model_name=data/saved_xgb_model_2, platform=None, authentication=None, verbose=True)
2022-09-29 21:56:38,306:INFO:Initializing load_model()
2022-09-29 21:56:38,306:INFO:load_model(model_name=data/saved_xgb_model_2, platform=None, authentication=None, verbose=True)
2022-09-29 21:56:42,643:INFO:Initializing load_model()
2022-09-29 21:56:42,645:INFO:load_model(model_name=data/saved_xgb_model_2, platform=None, authentication=None, verbose=True)
2022-09-29 21:56:42,805:INFO:Initializing predict_model()
2022-09-29 21:56:42,805:INFO:predict_model(estimator=Pipeline(steps=[('dtypes',
                 DataTypes_Auto_infer(categorical_features=['fuel',
                                                            'drive_type',
                                                            'seat'],
                                      features_todrop=['identifier',
                                                       'model_string',
                                                       'ABI Code', 'origin',
                                                       'Model', 'Manufacturer',
                                                       'Year', 'bin'],
                                      ml_usecase='regression',
                                      target='CO2 Emissions G/KM')),
                ('imputer',
                 Iterative_Imputer(classifier=LGBMClassifier(random_state=5726,
                                                             silent=True),
                                   max_iter=5, ord...
                              gamma=0, gpu_id=-1, grow_policy='depthwise',
                              importance_type='gain',
                              interaction_constraints='',
                              learning_rate=0.300000012, max_bin=256,
                              max_cat_to_onehot=4, max_delta_step=0,
                              max_depth=6, max_leaves=0, min_child_weight=1,
                              missing=nan, monotone_constraints='()',
                              n_estimators=100, n_jobs=-1, num_parallel_tree=1,
                              predictor='auto', random_state=5726, reg_alpha=0,
                              reg_lambda=1, ...)]]), probability_threshold=None, encoded_labels=True, drift_report=False, raw_score=False, round=4, verbose=True, ml_usecase=MLUsecase.REGRESSION, display=None, drift_kwargs=None)
2022-09-29 21:56:42,806:INFO:Checking exceptions
2022-09-29 21:56:42,807:INFO:Preloading libraries
2022-09-29 22:03:15,254:INFO:Initializing load_model()
2022-09-29 22:03:15,254:INFO:load_model(model_name=data/saved_xgb_model_2, platform=None, authentication=None, verbose=True)
2022-09-29 22:03:22,764:INFO:Initializing load_model()
2022-09-29 22:03:22,765:INFO:load_model(model_name=data/saved_xgb_model_2, platform=None, authentication=None, verbose=True)
2022-09-29 22:03:29,597:INFO:Initializing load_model()
2022-09-29 22:03:29,597:INFO:load_model(model_name=data/saved_xgb_model_2, platform=None, authentication=None, verbose=True)
2022-09-29 22:04:35,399:INFO:Initializing load_model()
2022-09-29 22:04:35,400:INFO:load_model(model_name=data/saved_xgb_model_2, platform=None, authentication=None, verbose=True)
2022-09-29 22:05:05,936:INFO:Initializing load_model()
2022-09-29 22:05:05,938:INFO:load_model(model_name=data/saved_xgb_model_2, platform=None, authentication=None, verbose=True)
2022-09-29 22:05:07,065:INFO:Initializing load_model()
2022-09-29 22:05:07,065:INFO:load_model(model_name=data/saved_xgb_model_2, platform=None, authentication=None, verbose=True)
2022-09-29 22:05:07,229:INFO:Initializing predict_model()
2022-09-29 22:05:07,229:INFO:predict_model(estimator=Pipeline(steps=[('dtypes',
                 DataTypes_Auto_infer(categorical_features=['fuel',
                                                            'drive_type',
                                                            'seat'],
                                      features_todrop=['identifier',
                                                       'model_string',
                                                       'ABI Code', 'origin',
                                                       'Model', 'Manufacturer',
                                                       'Year', 'bin'],
                                      ml_usecase='regression',
                                      target='CO2 Emissions G/KM')),
                ('imputer',
                 Iterative_Imputer(classifier=LGBMClassifier(random_state=5726,
                                                             silent=True),
                                   max_iter=5, ord...
                              gamma=0, gpu_id=-1, grow_policy='depthwise',
                              importance_type='gain',
                              interaction_constraints='',
                              learning_rate=0.300000012, max_bin=256,
                              max_cat_to_onehot=4, max_delta_step=0,
                              max_depth=6, max_leaves=0, min_child_weight=1,
                              missing=nan, monotone_constraints='()',
                              n_estimators=100, n_jobs=-1, num_parallel_tree=1,
                              predictor='auto', random_state=5726, reg_alpha=0,
                              reg_lambda=1, ...)]]), probability_threshold=None, encoded_labels=True, drift_report=False, raw_score=False, round=4, verbose=True, ml_usecase=MLUsecase.REGRESSION, display=None, drift_kwargs=None)
2022-09-29 22:05:07,230:INFO:Checking exceptions
2022-09-29 22:05:07,230:INFO:Preloading libraries
2022-09-29 22:08:32,000:INFO:Initializing load_model()
2022-09-29 22:08:32,000:INFO:load_model(model_name=data/saved_xgb_model_2, platform=None, authentication=None, verbose=True)
